# JRE version: Java(TM) SE Runtime Environment (8.0_111-b14) (build 1.8.0_111-b14)
# Java VM: Java HotSpot(TM) 64-Bit Server VM (25.111-b14 mixed mode windows-amd64 compressed oops)
Heap:
 PSYoungGen      total 186368K, used 172284K [0x000000076b500000, 0x0000000777700000, 0x00000007c0000000)
  eden space 175104K, 92% used [0x000000076b500000,0x00000007753d6358,0x0000000776000000)
  from space 11264K, 85% used [0x0000000776b00000,0x0000000777468f40,0x0000000777600000)
  to   space 11264K, 0% used [0x0000000776000000,0x0000000776000000,0x0000000776b00000)
 ParOldGen       total 109568K, used 13989K [0x00000006c1e00000, 0x00000006c8900000, 0x000000076b500000)
  object space 109568K, 12% used [0x00000006c1e00000,0x00000006c2ba94d0,0x00000006c8900000)
 Metaspace       used 46012K, capacity 48230K, committed 48424K, reserved 1091584K
  class space    used 6045K, capacity 6437K, committed 6440K, reserved 1048576K
GC Heap History (10 events):
Event: 8.039 GC heap before
{Heap before GC invocations=8 (full 2):
 PSYoungGen      total 135168K, used 8884K [0x000000076b500000, 0x0000000777900000, 0x00000007c0000000)
  eden space 125440K, 0% used [0x000000076b500000,0x000000076b500000,0x0000000772f80000)
  from space 9728K, 91% used [0x0000000773a00000,0x00000007742ad3c8,0x0000000774380000)
  to   space 10752K, 0% used [0x0000000772f80000,0x0000000772f80000,0x0000000773a00000)
 ParOldGen       total 109568K, used 7634K [0x00000006c1e00000, 0x00000006c8900000, 0x000000076b500000)
  object space 109568K, 6% used [0x00000006c1e00000,0x00000006c2574990,0x00000006c8900000)
 Metaspace       used 33807K, capacity 35452K, committed 35496K, reserved 1079296K
  class space    used 4405K, capacity 4748K, committed 4776K, reserved 1048576K
Event: 8.083 GC heap after
Heap after GC invocations=8 (full 2):
 PSYoungGen      total 135168K, used 0K [0x000000076b500000, 0x0000000777900000, 0x00000007c0000000)
  eden space 125440K, 0% used [0x000000076b500000,0x000000076b500000,0x0000000772f80000)
  from space 9728K, 0% used [0x0000000773a00000,0x0000000773a00000,0x0000000774380000)
  to   space 10752K, 0% used [0x0000000772f80000,0x0000000772f80000,0x0000000773a00000)
 ParOldGen       total 109568K, used 13957K [0x00000006c1e00000, 0x00000006c8900000, 0x000000076b500000)
  object space 109568K, 12% used [0x00000006c1e00000,0x00000006c2ba14d0,0x00000006c8900000)
 Metaspace       used 33807K, capacity 35452K, committed 35496K, reserved 1079296K
  class space    used 4405K, capacity 4748K, committed 4776K, reserved 1048576K
}
Event: 10.763 GC heap before
{Heap before GC invocations=9 (full 2):
 PSYoungGen      total 135168K, used 125440K [0x000000076b500000, 0x0000000777900000, 0x00000007c0000000)
  eden space 125440K, 100% used [0x000000076b500000,0x0000000772f80000,0x0000000772f80000)
  from space 9728K, 0% used [0x0000000773a00000,0x0000000773a00000,0x0000000774380000)
  to   space 10752K, 0% used [0x0000000772f80000,0x0000000772f80000,0x0000000773a00000)
 ParOldGen       total 109568K, used 13957K [0x00000006c1e00000, 0x00000006c8900000, 0x000000076b500000)
  object space 109568K, 12% used [0x00000006c1e00000,0x00000006c2ba14d0,0x00000006c8900000)
 Metaspace       used 41841K, capacity 43616K, committed 43944K, reserved 1087488K
  class space    used 5426K, capacity 5744K, committed 5800K, reserved 1048576K
Event: 10.773 GC heap after
Heap after GC invocations=9 (full 2):
 PSYoungGen      total 136192K, used 10082K [0x000000076b500000, 0x0000000778080000, 0x00000007c0000000)
  eden space 125440K, 0% used [0x000000076b500000,0x000000076b500000,0x0000000772f80000)
  from space 10752K, 93% used [0x0000000772f80000,0x00000007739588d0,0x0000000773a00000)
  to   space 11264K, 0% used [0x0000000777580000,0x0000000777580000,0x0000000778080000)
 ParOldGen       total 109568K, used 13965K [0x00000006c1e00000, 0x00000006c8900000, 0x000000076b500000)
  object space 109568K, 12% used [0x00000006c1e00000,0x00000006c2ba34d0,0x00000006c8900000)
 Metaspace       used 41841K, capacity 43616K, committed 43944K, reserved 1087488K
  class space    used 5426K, capacity 5744K, committed 5800K, reserved 1048576K
}
Event: 11.250 GC heap before
{Heap before GC invocations=10 (full 2):
 PSYoungGen      total 136192K, used 135522K [0x000000076b500000, 0x0000000778080000, 0x00000007c0000000)
  eden space 125440K, 100% used [0x000000076b500000,0x0000000772f80000,0x0000000772f80000)
  from space 10752K, 93% used [0x0000000772f80000,0x00000007739588d0,0x0000000773a00000)
  to   space 11264K, 0% used [0x0000000777580000,0x0000000777580000,0x0000000778080000)
 ParOldGen       total 109568K, used 13965K [0x00000006c1e00000, 0x00000006c8900000, 0x000000076b500000)
  object space 109568K, 12% used [0x00000006c1e00000,0x00000006c2ba34d0,0x00000006c8900000)
 Metaspace       used 43291K, capacity 45148K, committed 45480K, reserved 1089536K
  class space    used 5594K, capacity 5960K, committed 6056K, reserved 1048576K
Event: 11.260 GC heap after
Heap after GC invocations=10 (full 2):
 PSYoungGen      total 136704K, used 7461K [0x000000076b500000, 0x0000000778080000, 0x00000007c0000000)
  eden space 125440K, 0% used [0x000000076b500000,0x000000076b500000,0x0000000772f80000)
  from space 11264K, 66% used [0x0000000777580000,0x0000000777cc9760,0x0000000778080000)
  to   space 10752K, 0% used [0x0000000772f80000,0x0000000772f80000,0x0000000773a00000)
 ParOldGen       total 109568K, used 13973K [0x00000006c1e00000, 0x00000006c8900000, 0x000000076b500000)
  object space 109568K, 12% used [0x00000006c1e00000,0x00000006c2ba54d0,0x00000006c8900000)
 Metaspace       used 43291K, capacity 45148K, committed 45480K, reserved 1089536K
  class space    used 5594K, capacity 5960K, committed 6056K, reserved 1048576K
}
Event: 11.518 GC heap before
{Heap before GC invocations=11 (full 2):
 PSYoungGen      total 136704K, used 132901K [0x000000076b500000, 0x0000000778080000, 0x00000007c0000000)
  eden space 125440K, 100% used [0x000000076b500000,0x0000000772f80000,0x0000000772f80000)
  from space 11264K, 66% used [0x0000000777580000,0x0000000777cc9760,0x0000000778080000)
  to   space 10752K, 0% used [0x0000000772f80000,0x0000000772f80000,0x0000000773a00000)
 ParOldGen       total 109568K, used 13973K [0x00000006c1e00000, 0x00000006c8900000, 0x000000076b500000)
  object space 109568K, 12% used [0x00000006c1e00000,0x00000006c2ba54d0,0x00000006c8900000)
 Metaspace       used 44411K, capacity 46590K, committed 46888K, reserved 1089536K
  class space    used 5739K, capacity 6115K, committed 6184K, reserved 1048576K
Event: 11.530 GC heap after
Heap after GC invocations=11 (full 2):
 PSYoungGen      total 136192K, used 8550K [0x000000076b500000, 0x0000000777600000, 0x00000007c0000000)
  eden space 125440K, 0% used [0x000000076b500000,0x000000076b500000,0x0000000772f80000)
  from space 10752K, 79% used [0x0000000772f80000,0x00000007737d9b80,0x0000000773a00000)
  to   space 11264K, 0% used [0x0000000776b00000,0x0000000776b00000,0x0000000777600000)
 ParOldGen       total 109568K, used 13981K [0x00000006c1e00000, 0x00000006c8900000, 0x000000076b500000)
  object space 109568K, 12% used [0x00000006c1e00000,0x00000006c2ba74d0,0x00000006c8900000)
 Metaspace       used 44411K, capacity 46590K, committed 46888K, reserved 1089536K
  class space    used 5739K, capacity 6115K, committed 6184K, reserved 1048576K
}
Event: 11.724 GC heap before
{Heap before GC invocations=12 (full 2):
 PSYoungGen      total 136192K, used 133990K [0x000000076b500000, 0x0000000777600000, 0x00000007c0000000)
  eden space 125440K, 100% used [0x000000076b500000,0x0000000772f80000,0x0000000772f80000)
  from space 10752K, 79% used [0x0000000772f80000,0x00000007737d9b80,0x0000000773a00000)
  to   space 11264K, 0% used [0x0000000776b00000,0x0000000776b00000,0x0000000777600000)
 ParOldGen       total 109568K, used 13981K [0x00000006c1e00000, 0x00000006c8900000, 0x000000076b500000)
  object space 109568K, 12% used [0x00000006c1e00000,0x00000006c2ba74d0,0x00000006c8900000)
 Metaspace       used 44799K, capacity 46948K, committed 47144K, reserved 1089536K
  class space    used 5785K, capacity 6160K, committed 6184K, reserved 1048576K
Event: 11.733 GC heap after
Heap after GC invocations=12 (full 2):
 PSYoungGen      total 186368K, used 9635K [0x000000076b500000, 0x0000000777700000, 0x00000007c0000000)
  eden space 175104K, 0% used [0x000000076b500000,0x000000076b500000,0x0000000776000000)
  from space 11264K, 85% used [0x0000000776b00000,0x0000000777468f40,0x0000000777600000)
  to   space 11264K, 0% used [0x0000000776000000,0x0000000776000000,0x0000000776b00000)
 ParOldGen       total 109568K, used 13989K [0x00000006c1e00000, 0x00000006c8900000, 0x000000076b500000)
  object space 109568K, 12% used [0x00000006c1e00000,0x00000006c2ba94d0,0x00000006c8900000)
 Metaspace       used 44799K, capacity 46948K, committed 47144K, reserved 1089536K
  class space    used 5785K, capacity 6160K, committed 6184K, reserved 1048576K
}

